<?xml version="1.0" encoding="UTF-8"?>
<testsuite xmlns:xsi="http://www.w3.org/2001/XMLSchema-instance" xsi:noNamespaceSchemaLocation="https://maven.apache.org/surefire/maven-surefire-plugin/xsd/surefire-test-report-3.0.xsd" version="3.0" name="Sci_Calc_Test" time="0.094" tests="4" errors="0" skipped="0" failures="0">
  <properties>
[...]
</properties>
  <testcase name="testPower" classname="Sci_Calc_Test" time="0.009"/>
  <testcase name="testFactorial" classname="Sci_Calc_Test" time="0"/>
  <testcase name="testNaturalLog" classname="Sci_Calc_Test" time="0"/>
  <testcase name="testSquareRoot" classname="Sci_Calc_Test" time="0"/>
</testsuite>